build 2/google_maps_flutter_android 2/intermediates/manifest_merge_blame_file/debug/processDebugManifest/manifest-merger-blame-debug-report.txt
1<?xml version="1.0" encoding="utf-8"?>
2<manifest xmlns:android="http://schemas.android.com/apk/res/android"
3    package="io.flutter.plugins.googlemaps" >
4
5    <uses-sdk android:minSdkVersion="24" />
6
7    <application>
7-->src/main/AndroidManifest.xml:3:3-5:17
8        <uses-library
8-->src/main/AndroidManifest.xml:4:5-83
9            android:name="org.apache.http.legacy"
9-->src/main/AndroidManifest.xml:4:19-56
10            android:required="false" />
10-->src/main/AndroidManifest.xml:4:57-81
11    </application>
12
13</manifest>